<?xml version="1.0" encoding="UTF-8"?>
<!-- Generated by org.testng.reporters.JUnitReportReporter -->
<testsuite hostname="PE-HO-448" failures="0" tests="4" name="Run.Run" time="106.558" errors="0" timestamp="2022-10-07T14:08:26 COT" skipped="0">
  <testcase classname="Run.Run" name="calculadora" time="0.004"/>
  <system-out/>
  <testcase classname="Run.Run" name="testMercadolibre" time="0.002"/>
  <system-out/>
  <testcase classname="Run.Run" name="testToolsQAAlerts" time="106.550"/>
  <system-out/>
  <testcase classname="Run.Run" name="testToolsQAwidgest" time="0.002"/>
  <system-out/>
</testsuite> <!-- Run.Run -->
