<?xml version="1.0" encoding="UTF-8"?>
<!-- Generated by org.testng.reporters.JUnitReportReporter -->
<testsuite hostname="PE-HO-448" failures="0" tests="1" name="com.testNG.EjemploTestNG" time="33.808" errors="0" timestamp="2022-09-27T15:05:06 COT" skipped="0">
  <testcase classname="com.testNG.EjemploTestNG" name="pruebaInicialTestNG" time="33.808"/>
  <system-out/>
</testsuite> <!-- com.testNG.EjemploTestNG -->
